4ebb8c195c5c3157fdd36b99	165
4b6bc210f964a52091172ce3	6755
4b8288c8f964a52027d730e3	13698
4b59b688f964a520359428e3	16968
4c56c1d0d12a20a18f1465bd	445
4be03909fa629c74069725bc	766
4bc5c52269369521a6768488	4884
4b8cce7ff964a520addd32e3	2051
4b3dab30f964a520359625e3	6693
4bb97426935e95211d2b2790	1430
4d047375e350b60ca1948342	2490
4e1d0daed22dc55c99b94a3a	447
4b633439f964a520626a2ae3	7126
4d7f56b4f635236a132f7716	3774
4d0c2e935c46a093342807b4	4303
4bb947c953649c749feb47fb	2319
4d173bcd1356a093df9cda82	1195
5173c984e4b0e47c000ec808	268
4c107f5681e976b071500feb	1018
4d0af49b109d6dcba8748c8d	5033
4bddb30fe75c0f479c3dc503	5009
4d1c41451cb9a143eb3aad2b	694
4bc2a6e94cdfc9b6f9719621	1885
4ba4bc84f964a52067b038e3	2805
4bc5af7d4a9aa593f6bc067b	2506
4c961de858d4b60c09073829	575
4c105815ce57c92891d681d2	1225
4b596878f964a520738728e3	1613
4c1c55e9b306c92830d263b7	549
4b6777fcf964a520d9502be3	8316
4b5aac46f964a52044d028e3	6295
4c99eefad4b1b1f7577acb35	14657
4e7f0c76b63474966605debc	4577
4cbf2e65575d236a405bbd8e	8314
4c73348313228cfaa1512d65	13488
4c260d5ef7ced13abd8e256d	4942
4ba8bd2cf964a52012eb39e3	4084
4d16ee726c8b54814b1be7cc	19449
4b908806f964a520c38e33e3	4533
5122126ae4b0841ef27f31eb	914
4e3ea399aeb73139a18899c8	249
4c13727c82a3c9b64672fbf8	6745
4bcab49e68f976b082f55f83	2936
4e771e37ae60c32851d8d8d8	5554
4df88002d164d347cc72a67b	6901
4e1e80bc2271ad66e4a07e80	1976
4c95c53b533aa093a04bcc45	4347
4d4fd5fd71548cfa33ef089a	798
50a5ee0ae4b0d40bc23bfa62	324
4dfeffb2a809baedbd902e3e	1237
4bb6a1aaef159c741f4f76f7	5006
4bc9d8193740b71348585f65	3289
4c0b9c1d340720a162538893	5529
4bf1481821072d7f2fbd208b	4982
4c14be077f7f2d7f7452e168	790
4ba60c02f964a520113039e3	1915
4cf0828dcc61a35d1b640f9e	404
4d0f51d3d21db60c64712318	1551
4d5bcc37fb186dcb45b7f79a	454
4fd5f4a7e4b0296d1f7f4b5f	631
4bdd03874ffaa59378a36ef7	2184
4d0dd278f393224b85b61eee	1525
4e4c929fb61c258863275de1	1223
4c9efee919e4236af7445589	654
4e30f5d41495f249f7674a97	216
4c7f538cfb74236a05daf9b9	4946
4c98a04ef419a09383f27088	1193
4df45ccb483bdb5e1377aed2	1465
4d031c2c2f96f04d27121654	2752
4c2dccda1683b713566f26ec	1665
4d205993dd6a236adfc83638	3230
4be7efde88ed2d7f1a37cb1d	3907
4c1dfdcdeac020a1d40449c2	2059
4c7a648abd346dcb3647f8ef	1339
522d911911d22b5c2fe57901	250
4c0f7ad41281c9b6ef911e1d	1440
4b964e40f964a52010c534e3	2745
4edcc27f46907c1b456a3646	1909
506ee205e4b05bc762cbd8c1	524
4c9b3f41eaa5a14370ead2e4	929
4c735c1c376da0931dfda8c6	212
4cdce2923f6a8cfa8a94f4ea	466
4cb1a6631463a143ca11a7a9	1121
4cef9cff7b9437046fcd3353	1801
4be5630c910020a138dfd214	1237
4c011a3f19d8c92852428829	1816
4ba374d7f964a520963e38e3	2280
4c9893e007916dcb5bf9ec1b	1017
4d43a0754e5d37049e02e293	1077
516548aee4b02da86110629f	302
4bc940e9fb84c9b6e8e71a3e	2687
4f016d0830f8992333ba34d7	879
4d7f539687003704efde8199	2407
4cd04ab51ac7a1cddfab1892	1424
4e620a78483bd9a9742361fa	672
4bd52e2dcfa7b713b38125da	8377
4b95d911f964a5207cb534e3	3107
4b8c9b37f964a52007d832e3	2715
4bb0919cf964a5207e4c3ce3	1358
4cd25586df88a35d008868a0	545
4b8a600ef964a520796a32e3	1610
4c3e7695ca012d7fe69e2fbe	757
4cb6a1d2b315a093fc829d76	555
4bea33a6b3352d7fcffb54d2	1308
4e2a3d6aae605c533a2b2931	1373
4bdfb9980ee3a593d24035b0	3886
4e6b676daeb7c31e43793525	634
4bb4ab2386a8d13a1aafde7f	2904
4e210fe41f6effe84f6de2e5	4103
509354dfe4b0f71701bfdbdf	356
4be2b60821d5a5936c121711	875
4d5133c2bd6ff04dbd21ef0c	492
52b3e08c498e1f5ec7dc6d7b	109
5203426f498e94f1a2852c25	1631
4c73c7f3d944224b021e1029	273
4c458a0ff799e21e9f46afa2	788
4bc31952920eb713e5ee1c2c	1548
4da43ace22a5f04df48e3355	716
5113308ce4b09a3b0dbbcb09	210
4cce9e3cb571b60c813cdf65	1809
4c3c06087c1ee21e0e138c71	2019
4bc9b5b10687ef3b494fdacc	1578
4f6330cee4b0ce431be58d6d	593
4b6277f6f964a520c0482ae3	7744
4b92612ff964a52098f533e3	2393
4ce49c62e571a093bbea8587	1421
4c29f29f3492a5932ba5b928	6038
51bdbc86498e44f45c867177	1723
4c53b21a728920a15c6c8281	2000
4b63df19f964a52026952ae3	3360
4ce7cc26f3bda1433ce9b4e4	1381
4b8bba97f964a520a8a832e3	1240
4c04a62d39d476b00acc31a7	1534
4cc6786f806246886d39422f	1059
4b98e0c0f964a520cd5335e3	1188
4bdd07d1645e0f47c4b36a19	1115
4c3806313849c928e6e5beb1	2591
4c1c7de763750f4769b2b667	5756
51069881e4b0cc17d6471343	274
4e92fee27ee629d9b48ad874	661
50e26d00e4b0a6d1d8844d9c	498
4ddce65d45ddaa53edb29244	2608
4bc5209b6c26b713cefbeaf3	3277
4b8a6a4ff964a520e86b32e3	2941
4bdc19a23904a5936ed64c9e	1637
4fa66fd5e4b0ddd496dfa85e	377
4f92c796e4b061a42561ef52	863
51691d53e4b00d7bee09f883	737
4be54b05cf200f470908133c	2075
526a273e11d27d482cf0365e	335
518b8268498ee99b793f7b9f	534
51722389e4b05b6423fc34db	279
4d1ebcfd5acaa35d1082ba35	721
4cda7fc7c409b60c17fcce1a	2523
4eeb2c88722eaa76d95c4d5a	407
50bc3da3e4b01dc9b20fcb1b	660
5016698de4b06bc0beabf178	114
51adde59498e30f40ac0da6f	162
52a5b7e611d251e44dc16205	379
4d8978b176e1236a01220643	283
4e246c35b61cdcf1ecdc079c	473
4fc4638ce4b00cc023f3180a	360
4df4c15cd1649c8a28e763cc	397
4c76192fff1fb60c771bf8a7	646
4cadc151d1f8b60caa3f71c6	659
504b0e3ae4b0d1cf33765440	264
51d02941498e81b283c051c8	233
51e00ac4498e6480eb01580f	396
5141842be4b092a818fce717	470
4fdc0a4be4b01d2338e829c4	1289
4d2b05e2068e8cfaa7f9de4c	1204
4d995afc744f3704529b0558	489
4d00f5a60457b1f7cd1a3478	931
4dc29fd245ddd5b5b6b0445a	456
4c25e321f7ced13a2f4f256d	871
4bf7c0868d30d13a1b76ff17	842
4bdd21a1f219c9b682111210	628
4ca3334aa73cb60c976d1678	975
4d5e5c72338bb60cd2580ebd	550
4c7f943a171b224b081911b1	2088
4cadec272303a143f370eaf0	1482
4d1c17f5c50e6ea81712d0b8	637
4cf240d2e3b9a09348894353	355
4baaf166f964a520d58e3ae3	1455
4eba46970cd6f29a6cf2c120	3236
4db037bbfa8ca4b3e9de01f3	1905
4b6817e4f964a520f0662be3	2217
4f12c7ece4b06784122535d5	688
4db6b03ef7b121c29f77030b	474
4e3790de52b1aec57ffb348f	246
4bd9159c2e6f0f47a2c00908	380
4b7e8215f964a52016f02fe3	731
4b602a54f964a52022d829e3	1931
4d04c09ca26854813695b9bd	2006
4b6a5a4ef964a5202cd32be3	1057
4bc555e2ccbcef3bbf76e6d2	771
4b3de969f964a5205b9725e3	1853
4cd3a5309828b60cb2bad684	1030
52e0bfa411d205779d639b35	174
4bdfda776198c9b6178818ff	2686
4bb48bd3a187ef3be3b84942	2155
4d0c5023903d3704f6c7bc55	1331
4d19d66d6c8b5481b169fbcc	5610
4cb15155ef1b370489c74200	7235
50bc41ede4b060d019bbefe5	1329
4cac5bb4f47ea1432b3f9021	2950
528481fb498e349b8556f6de	204
52847c5a11d21abd44ab65ed	312
52848f2811d24bf0d277769c	491
5284718911d28cd2fac4bd0b	323
52873c42498e5db997f6bfab	175
52845bf4498edc646c7acdf3	350
52846968498eace34564e76d	382
5284e27d11d20f8c46e0e83d	285
52845c22498eec79ae2566b6	365
528471ad11d252e04c3fff09	399
5284664811d229f8876bf877	204
52904f5a11d22474d9bafbca	157
522d5fec498e049273b2e4eb	126
51d409ae498e009c26dc88a6	166
51fc1c77498e68f42e5a807d	654
5018c8d3e4b0d1cd67c48f80	4706
520a258511d20ef0a45c91e6	786
51e501d1498ebc95ee55de76	543
4d6848826297721e5accb9b5	680
4d0ebc415b8a8cfa1315ec83	7892
4c81d61fd4e2370494316288	2361
